Script started on 2022-05-16 13:45:25-04:00 [TERM="xterm-256color" TTY="/dev/pts/6" COLUMNS="86" LINES="25"]
l[1m[7m%[27m[1m[0m                                                                                      ]2;wafa@LAPTOP-7ND9J345:~/code/WafaBenzaoui/mlproject]1;..oui/mlproject[0m[27m[24m[J[01;32mâžœ  [36mmlproject[00m [01;34mgit:([31mmaster[34m) [33mâœ—[00m [K[45C[ðŸ lewagon][57D[?1h=[?2004h[32ml[39m[39m [4ms[24m[4ms[4mc[24m[4ms[4mc[4mr[24m[4mr[4mi[24m[4mi[4mp[24m[24m[32ms[24m[32mc[24m[32mr[24m[32mi[24m[32mp[32mt[39m[4m[32ms[4m[32mc[4m[32mr[4m[32mi[4m[32mp[4m[32mt[4m[32ms[24m[39m[?1l>[?2004l
]2;scripts]1;scripts[1m[7m%[27m[1m[0m                                                                                      ]2;wafa@LAPTOP-7ND9J345:~/code/WafaBenzaoui/mlproject/scripts]1;..oject/scripts[0m[27m[24m[J[01;32mâžœ  [36mscripts[00m [01;34mgit:([31mmaster[34m) [33mâœ—[00m [K[47C[ðŸ lewagon][59D[?1h=[?2004h[32ml[39m[32ml[32ms[39m[?1l>[?2004l
]2;ls --color=tty]1;lsmlproject-computedist  mlproject-run
[1m[7m%[27m[1m[0m                                                                                      ]2;wafa@LAPTOP-7ND9J345:~/code/WafaBenzaoui/mlproject/scripts]1;..oject/scripts[0m[27m[24m[J[01;32mâžœ  [36mscripts[00m [01;34mgit:([31mmaster[34m) [33mâœ—[00m [K[47C[ðŸ lewagon][59D[?1h=[?2004h[32m.[39m[4m[32m.[4m[32m.[24m[39m[?1l>[?2004l
]2;..]1;..[1m[7m%[27m[1m[0m                                                                                      ]2;wafa@LAPTOP-7ND9J345:~/code/WafaBenzaoui/mlproject]1;..oui/mlproject[0m[27m[24m[J[01;32mâžœ  [36mmlproject[00m [01;34mgit:([31mmaster[34m) [33mâœ—[00m [K[45C[ðŸ lewagon][57D[?1h=[?2004h[32mt[39m[39m[4mt[4me[24m[4mt[4me[4ms[24m[24m[32mt[24m[32me[24m[32ms[32mt[39m[4m[32mt[4m[32me[4m[32ms[4m[32mt[4m[32ms[24m[39m[?1l>[?2004l
]2;tests]1;tests[1m[7m%[27m[1m[0m                                                                                      ]2;wafa@LAPTOP-7ND9J345:~/code/WafaBenzaoui/mlproject/tests]1;..project/tests[0m[27m[24m[J[01;32mâžœ  [36mtests[00m [01;34mgit:([31mmaster[34m) [33mâœ—[00m [K[49C[ðŸ lewagon][61D[?1h=[?2004h[32ml[39m[32ml[32ms[39m[?1l>[?2004l
]2;ls --color=tty]1;ls__init__.py  [0m[01;34m__pycache__[0m  test_lib.py
[1m[7m%[27m[1m[0m                                                                                      ]2;wafa@LAPTOP-7ND9J345:~/code/WafaBenzaoui/mlproject/tests]1;..project/tests[0m[27m[24m[J[01;32mâžœ  [36mtests[00m [01;34mgit:([31mmaster[34m) [33mâœ—[00m [K[49C[ðŸ lewagon][61D[?1h=[?2004h[32mt[39m[1m[31mt[1m[31mo[0m[39m[1m[31mt[1m[31mo[1m[31mc[0m[39m[1m[31mc[1m[31mu[0m[39m[1m[31mu[1m[31mk[0m[39m[1m[31mu[0m[39m[0m[39m [1m[31mc[0m[39m[0m[39m [1m[31mt[1m[31mo[0m[39m[0m[39m [1m[31mt[1m[31mo[1m[31my[0m[39m[1m[31mt[1m[31mo[0m[39m[0m[39m [1m[31mt[1m[31mo[1m[31mu[0m[39m[1m[31mu[1m[31mc[0m[39m[0m[32mt[0m[32mo[0m[32mu[0m[32mc[32mh[39m [1m[31mt[1m[31mo[1m[31mu[1m[31mc[1m[31mh[1m[31m [1m[31mtest_distance.py[0m[27m[39m[22D[0m[32mt[0m[32mo[0m[32mu[0m[32mc[0m[32mh[39m[0m[39m [0m[39mt[0m[39me[0m[39ms[0m[39mt[0m[39m_[0m[39md[0m[39mi[0m[39ms[0m[39mt[0m[39ma[0m[39mn[0m[39mc[0m[39me[0m[39m.[0m[39mp[0m[39my[?1l>[?2004l
]2;touch test_distance.py]1;touch[1m[7m%[27m[1m[0m                                                                                      ]2;wafa@LAPTOP-7ND9J345:~/code/WafaBenzaoui/mlproject/tests]1;..project/tests[0m[27m[24m[J[01;32mâžœ  [36mtests[00m [01;34mgit:([31mmaster[34m) [33mâœ—[00m [K[49C[ðŸ lewagon][61D[?1h=[?2004h[32ml[39m[32ml[32ms[39m[?1l>[?2004l
]2;ls --color=tty]1;ls__init__.py  [0m[01;34m__pycache__[0m  test_distance.py  test_lib.py
[1m[7m%[27m[1m[0m                                                                                      ]2;wafa@LAPTOP-7ND9J345:~/code/WafaBenzaoui/mlproject/tests]1;..project/tests[0m[27m[24m[J[01;32mâžœ  [36mtests[00m [01;34mgit:([31mmaster[34m) [33mâœ—[00m [K[49C[ðŸ lewagon][61D[?1h=[?2004h[1m[31mm[0m[39m[1m[31mm[1m[31ma[0m[39m[1m[31mm[1m[31ma[1m[31mk[0m[39m[0m[32mm[0m[32ma[0m[32mk[32me[39m [4mt[24m[4mt[4me[24m[4me[4ms[24m[4ms[4mt[24m[?1l>[?2004l[24mt[24me[24ms[24mt
]2;make test]1;makemake: *** No rule to make target 'test'.  Stop.
[1m[7m%[27m[1m[0m                                                                                      ]2;wafa@LAPTOP-7ND9J345:~/code/WafaBenzaoui/mlproject/tests]1;..project/tests[0m[27m[24m[J[01;31mâžœ  [36mtests[00m [01;34mgit:([31mmaster[34m) [33mâœ—[00m [K[49C[ðŸ lewagon][61D[?1h=[?2004h[7mmake test[27m[9D[27m[32mm[27m[32ma[27m[32mk[27m[32me[39m[27m [27m[4mt[27m[4me[27m[4ms[27m[4mt[24m[?1l>[?2004l[24mt[24me[24ms[24mt
]2;make test]1;makemake: *** No rule to make target 'test'.  Stop.
[1m[7m%[27m[1m[0m                                                                                      ]2;wafa@LAPTOP-7ND9J345:~/code/WafaBenzaoui/mlproject/tests]1;..project/tests[0m[27m[24m[J[01;31mâžœ  [36mtests[00m [01;34mgit:([31mmaster[34m) [33mâœ—[00m [K[49C[ðŸ lewagon][61D[?1h=[?2004h[32m.[39m[4m[32m.[4m[32m.[24m[39m[?1l>[?2004l
]2;..]1;..[1m[7m%[27m[1m[0m                                                                                      ]2;wafa@LAPTOP-7ND9J345:~/code/WafaBenzaoui/mlproject]1;..oui/mlproject[0m[27m[24m[J[01;32mâžœ  [36mmlproject[00m [01;34mgit:([31mmaster[34m) [33mâœ—[00m [K[45C[ðŸ lewagon][57D[?1h=[?2004h[32m.[39m[4m[32m.[4m[32m.[24m[39m[?1l>[?2004l
]2;..]1;..[1m[7m%[27m[1m[0m                                                                                      ]2;wafa@LAPTOP-7ND9J345:~/code/WafaBenzaoui]1;../WafaBenzaoui[0m[27m[24m[J[01;32mâžœ  [36mWafaBenzaoui[00m [K[57C[ðŸ lewagon][69D[?1h=[?2004h[4mm[24m[4mm[4ml[24m[4mm[4ml[4mp[24m[4mm[4ml[24m[24m [4mm[4ml[4mp[24m[4mp[4mr[24m[4mr[4mo[24m[4mo[4mj[24m[4mj[4me[24m[4me[4mc[24m[8D[4m[32mm[4m[32ml[4m[32mp[4m[32mr[4m[32mo[4m[32mj[4m[32me[4m[32mc[4m[32mt[24m[39m[?1l>[?2004l
]2;mlproject]1;mlproject[1m[7m%[27m[1m[0m                                                                                      ]2;wafa@LAPTOP-7ND9J345:~/code/WafaBenzaoui/mlproject]1;..oui/mlproject[0m[27m[24m[J[01;32mâžœ  [36mmlproject[00m [01;34mgit:([31mmaster[34m) [33mâœ—[00m [K[45C[ðŸ lewagon][57D[?1h=[?2004h[4mm[24m[24m[1m[31mm[1m[31ma[0m[39m[1m[31mm[1m[31ma[1m[31mk[0m[39m[0m[32mm[0m[32ma[0m[32mk[32me[39m [4mt[24m[4mt[4me[24m[4me[4ms[24m[4ms[4mt[24m[?1l>[?2004l[24mt[24me[24ms[24mt
]2;make test]1;make[1m================================ test session starts =================================[0m
platform linux -- Python 3.8.12, pytest-6.2.5, py-1.11.0, pluggy-1.0.0
rootdir: /home/wafa/code/WafaBenzaoui/mlproject
plugins: anyio-3.4.0
[1mcollecting ... [0m[1mcollected 3 items                                                                    [0m

tests/test_distance.py [31mF[0m[31mF[0m[31m                                                      [ 33%][0m
tests/test_lib.py [32m.[0m

====================================== FAILURES ======================================
[31m[1m___________________________________ test_distance ____________________________________[0m

    [94mdef[39;49;00m [92mtest_distance[39;49;00m():
>       [94massert[39;49;00m [96mtype[39;49;00m(haversine()) ==[33m'[39;49;00m[33mfloat[39;49;00m[33m'[39;49;00m
[1m[31mE       TypeError: haversine() missing 4 required positional arguments: 'lon1', 'lat1', 'lon2', and 'lat2'[0m

[1m[31mtests/test_distance.py[0m:5: TypeError
[31m[1m___________________________________ test_distance ____________________________________[0m

    [94mdef[39;49;00m [92mtest_distance[39;49;00m():
>       [94massert[39;49;00m [96mtype[39;49;00m(haversine()) ==[33m'[39;49;00m[33mfloat[39;49;00m[33m'[39;49;00m
[1m[31mE       TypeError: haversine() missing 4 required positional arguments: 'lon1', 'lat1', 'lon2', and 'lat2'[0m

[1m[31mtests/test_distance.py[0m:5: TypeError
============================== short test summary info ===============================
FAILED tests/test_distance.py::test_distance - TypeError: haversine() missing 4 req...
FAILED tests/test_distance.py::test_distance - TypeError: haversine() missing 4 req...
[31m============================ [31m[1m2 failed[0m, [32m1 passed[0m[31m in 0.24s[0m[31m =============================[0m
make: *** [Makefile:14: test] Error 1
[1m[7m%[27m[1m[0m                                                                                      ]2;wafa@LAPTOP-7ND9J345:~/code/WafaBenzaoui/mlproject]1;..oui/mlproject[0m[27m[24m[J[01;31mâžœ  [36mmlproject[00m [01;34mgit:([31mmaster[34m) [33mâœ—[00m [K[45C[ðŸ lewagon][57D[?1h=[?2004h[32mmake[39m [4mtest[24m[?1l>[?2004l[24mt[24me[24ms[24mt
]2;make test]1;make[1m================================ test session starts =================================[0m
platform linux -- Python 3.8.12, pytest-6.2.5, py-1.11.0, pluggy-1.0.0
rootdir: /home/wafa/code/WafaBenzaoui/mlproject
plugins: anyio-3.4.0
[1mcollecting ... [0m[1mcollected 3 items                                                                    [0m

tests/test_distance.py [31mF[0m[31mF[0m[31m                                                      [ 33%][0m
tests/test_lib.py [32m.[0m

====================================== FAILURES ======================================
[31m[1m___________________________________ test_distance ____________________________________[0m

    [94mdef[39;49;00m [92mtest_distance[39;49;00m():
>       [94massert[39;49;00m [96mtype[39;49;00m(haversine) ==[33m'[39;49;00m[33mfloat[39;49;00m[33m'[39;49;00m
[1m[31mE       AssertionError: assert <class 'function'> == 'float'[0m
[1m[31mE        +  where <class 'function'> = type(haversine)[0m

[1m[31mtests/test_distance.py[0m:5: AssertionError
[31m[1m___________________________________ test_distance ____________________________________[0m

    [94mdef[39;49;00m [92mtest_distance[39;49;00m():
>       [94massert[39;49;00m [96mtype[39;49;00m(haversine) ==[33m'[39;49;00m[33mfloat[39;49;00m[33m'[39;49;00m
[1m[31mE       AssertionError: assert <class 'function'> == 'float'[0m
[1m[31mE        +  where <class 'function'> = type(haversine)[0m

[1m[31mtests/test_distance.py[0m:5: AssertionError
============================== short test summary info ===============================
FAILED tests/test_distance.py::test_distance - AssertionError: assert <class 'funct...
FAILED tests/test_distance.py::test_distance - AssertionError: assert <class 'funct...
[31m============================ [31m[1m2 failed[0m, [32m1 passed[0m[31m in 0.23s[0m[31m =============================[0m
make: *** [Makefile:14: test] Error 1
[1m[7m%[27m[1m[0m                                                                                      ]2;wafa@LAPTOP-7ND9J345:~/code/WafaBenzaoui/mlproject]1;..oui/mlproject[0m[27m[24m[J[01;31mâžœ  [36mmlproject[00m [01;34mgit:([31mmaster[34m) [33mâœ—[00m [K[45C[ðŸ lewagon][57D[?1h=[?2004h[32mmake[39m [4mtest[24m[?1l>[?2004l[24mt[24me[24ms[24mt
]2;make test]1;make[1m================================ test session starts =================================[0m
platform linux -- Python 3.8.12, pytest-6.2.5, py-1.11.0, pluggy-1.0.0
rootdir: /home/wafa/code/WafaBenzaoui/mlproject
plugins: anyio-3.4.0
[1mcollecting ... [0m[1mcollected 3 items                                                                    [0m

tests/test_distance.py [31mF[0m[31mF[0m[31m                                                      [ 33%][0m
tests/test_lib.py [32m.[0m

====================================== FAILURES ======================================
[31m[1m___________________________________ test_distance ____________________________________[0m

    [94mdef[39;49;00m [92mtest_distance[39;49;00m():
>       [94massert[39;49;00m [96mtype[39;49;00m(haversine) ==[96mfloat[39;49;00m
[1m[31mE       AssertionError: assert <class 'function'> == float[0m
[1m[31mE        +  where <class 'function'> = type(haversine)[0m

[1m[31mtests/test_distance.py[0m:5: AssertionError
[31m[1m___________________________________ test_distance ____________________________________[0m

    [94mdef[39;49;00m [92mtest_distance[39;49;00m():
>       [94massert[39;49;00m [96mtype[39;49;00m(haversine) ==[96mfloat[39;49;00m
[1m[31mE       AssertionError: assert <class 'function'> == float[0m
[1m[31mE        +  where <class 'function'> = type(haversine)[0m

[1m[31mtests/test_distance.py[0m:5: AssertionError
============================== short test summary info ===============================
FAILED tests/test_distance.py::test_distance - AssertionError: assert <class 'funct...
FAILED tests/test_distance.py::test_distance - AssertionError: assert <class 'funct...
[31m============================ [31m[1m2 failed[0m, [32m1 passed[0m[31m in 0.25s[0m[31m =============================[0m
make: *** [Makefile:14: test] Error 1
[1m[7m%[27m[1m[0m                                                                                      ]2;wafa@LAPTOP-7ND9J345:~/code/WafaBenzaoui/mlproject]1;..oui/mlproject[0m[27m[24m[J[01;31mâžœ  [36mmlproject[00m [01;34mgit:([31mmaster[34m) [33mâœ—[00m [K[45C[ðŸ lewagon][57D[?1h=[?2004h[4mm[24m[24m[1m[31mm[1m[31ma[0m[39m[1m[31mm[1m[31ma[1m[31mk[0m[39m[0m[32mm[0m[32ma[0m[32mk[32me[39m [4mt[24m[4mt[4me[24m[4me[4ms[24m[4ms[4mt[24m[?1l>[?2004l[24mt[24me[24ms[24mt
]2;make test]1;make[1m================================ test session starts =================================[0m
platform linux -- Python 3.8.12, pytest-6.2.5, py-1.11.0, pluggy-1.0.0
rootdir: /home/wafa/code/WafaBenzaoui/mlproject
plugins: anyio-3.4.0
[1mcollecting ... [0m[1mcollected 3 items                                                                    [0m

tests/test_distance.py [31mF[0m[31mF[0m[31m                                                      [ 33%][0m
tests/test_lib.py [32m.[0m

====================================== FAILURES ======================================
[31m[1m___________________________________ test_distance ____________________________________[0m

    [94mdef[39;49;00m [92mtest_distance[39;49;00m():
>       [94massert[39;49;00m [96mtype[39;49;00m(haversine) ==[96mfloat[39;49;00m
[1m[31mE       AssertionError: assert <class 'function'> == float[0m
[1m[31mE        +  where <class 'function'> = type(haversine)[0m

[1m[31mtests/test_distance.py[0m:5: AssertionError
[31m[1m___________________________________ test_distance ____________________________________[0m

    [94mdef[39;49;00m [92mtest_distance[39;49;00m():
>       [94massert[39;49;00m [96mtype[39;49;00m(haversine) ==[96mfloat[39;49;00m
[1m[31mE       AssertionError: assert <class 'function'> == float[0m
[1m[31mE        +  where <class 'function'> = type(haversine)[0m

[1m[31mtests/test_distance.py[0m:5: AssertionError
============================== short test summary info ===============================
FAILED tests/test_distance.py::test_distance - AssertionError: assert <class 'funct...
FAILED tests/test_distance.py::test_distance - AssertionError: assert <class 'funct...
[31m============================ [31m[1m2 failed[0m, [32m1 passed[0m[31m in 0.30s[0m[31m =============================[0m
make: *** [Makefile:14: test] Error 1
[1m[7m%[27m[1m[0m                                                                                      ]2;wafa@LAPTOP-7ND9J345:~/code/WafaBenzaoui/mlproject]1;..oui/mlproject[0m[27m[24m[J[01;31mâžœ  [36mmlproject[00m [01;34mgit:([31mmaster[34m) [33mâœ—[00m [K[45C[ðŸ lewagon][57D[?1h=[?2004h[4mm[24m[24m[1m[31mm[1m[31ma[0m[39m[1m[31mm[1m[31ma[1m[31mk[0m[39m[0m[32mm[0m[32ma[0m[32mk[32me[39m [4mt[24m[4mt[4me[24m[4me[4ms[24m[4ms[4mt[24m[?1l>[?2004l[24mt[24me[24ms[24mt
]2;make test]1;make[1m================================ test session starts =================================[0m
platform linux -- Python 3.8.12, pytest-6.2.5, py-1.11.0, pluggy-1.0.0
rootdir: /home/wafa/code/WafaBenzaoui/mlproject
plugins: anyio-3.4.0
[1mcollecting ... [0m[1mcollected 3 items                                                                    [0m

tests/test_distance.py [32m.[0m[32m.[0m[32m                                                      [ 33%][0m
tests/test_lib.py [32m.[0m

[32m================================= [32m[1m3 passed[0m[32m in 0.06s[0m[32m ==================================[0m
Name                     Stmts   Miss  Cover   Missing
------------------------------------------------------
distance.py                 14      4    71%   20-25
mlproject/__init__.py        6      2    67%   7-8
mlproject/lib.py             2      0   100%
tests/__init__.py            0      0   100%
tests/test_distance.py       6      0   100%
tests/test_lib.py            3      0   100%
------------------------------------------------------
TOTAL                       31      6    81%
[1m[7m%[27m[1m[0m                                                                                      ]2;wafa@LAPTOP-7ND9J345:~/code/WafaBenzaoui/mlproject]1;..oui/mlproject[0m[27m[24m[J[01;32mâžœ  [36mmlproject[00m [01;34mgit:([31mmaster[34m) [33mâœ—[00m [K[45C[ðŸ lewagon][57D[?1h=[?2004h[7mcd ~/code/WafaBenzaoui/data-challenges/[27m
[7mgit status[27m[K
[7m# Is git status clean? If not, commit/checkout/clean first[27m[K
[K
[7m# Download any challenge updates (from Teachers)[27m[K
[7mgit pull upstream master -X ours[27m[K
[K
[7m# Go to challenge folder[27m[K
[7mcd 07-Data-Engineering/01-Code-as-a-Product/04-Share-your-code[27m[K
[K
[7m# Open challenge folder in your text editor[27m[K
[7mcode .[27m[K[11A[22C[27m[32mc[27m[32md[39m[27m [27m[4m~[27m[4m/[27m[4mc[27m[4mo[27m[4md[27m[4me[27m[4m/[27m[4mW[27m[4ma[27m[4mf[27m[4ma[27m[4mB[27m[4me[27m[4mn[27m[4mz[27m[4ma[27m[4mo[27m[4mu[27m[4mi[27m[4m/[27m[4md[27m[4ma[27m[4mt[27m[4ma[27m[4m-[27m[4mc[27m[4mh[27m[4ma[27m[4ml[27m[4ml[27m[4me[27m[4mn[27m[4mg[27m[4me[27m[4ms[27m[4m/[24m[1B[27m[32mg[27m[32mi[27m[32mt[39m[27m [27ms[27mt[27ma[27mt[27mu[27ms[1B[27m[1m[30m#[27m[1m[30m [27m[1m[30mI[27m[1m[30ms[27m[1m[30m [27m[1m[30mg[27m[1m[30mi[27m[1m[30mt[27m[1m[30m [27m[1m[30ms[27m[1m[30mt[27m[1m[30ma[27m[1m[30mt[27m[1m[30mu[27m[1m[30ms[27m[1m[30m [27m[1m[30mc[27m[1m[30ml[27m[1m[30me[27m[1m[30ma[27m[1m[30mn[27m[1m[30m?[27m[1m[30m [27m[1m[30mI[27m[1m[30mf[27m[1m[30m [27m[1m[30mn[27m[1m[30mo[27m[1m[30mt[27m[1m[30m,[27m[1m[30m [27m[1m[30mc[27m[1m[30mo[27m[1m[30mm[27m[1m[30mm[27m[1m[30mi[27m[1m[30mt[27m[1m[30m/[27m[1m[30mc[27m[1m[30mh[27m[1m[30me[27m[1m[30mc[27m[1m[30mk[27m[1m[30mo[27m[1m[30mu[27m[1m[30mt[27m[1m[30m/[27m[1m[30mc[27m[1m[30ml[27m[1m[30me[27m[1m[30ma[27m[1m[30mn[27m[1m[30m [27m[1m[30mf[27m[1m[30mi[27m[1m[30mr[27m[1m[30ms[27m[1m[30mt[0m[39m[2B[27m[1m[30m#[27m[1m[30m [27m[1m[30mD[27m[1m[30mo[27m[1m[30mw[27m[1m[30mn[27m[1m[30ml[27m[1m[30mo[27m[1m[30ma[27m[1m[30md[27m[1m[30m [27m[1m[30ma[27m[1m[30mn[27m[1m[30my[27m[1m[30m [27m[1m[30mc[27m[1m[30mh[27m[1m[30ma[27m[1m[30ml[27m[1m[30ml[27m[1m[30me[27m[1m[30mn[27m[1m[30mg[27m[1m[30me[27m[1m[30m [27m[1m[30mu[27m[1m[30mp[27m[1m[30md[27m[1m[30ma[27m[1m[30mt[27m[1m[30me[27m[1m[30ms[27m[1m[30m [27m[1m[30m([27m[1m[30mf[27m[1m[30mr[27m[1m[30mo[27m[1m[30mm[27m[1m[30m [27m[1m[30mT[27m[1m[30me[27m[1m[30ma[27m[1m[30mc[27m[1m[30mh[27m[1m[30me[27m[1m[30mr[27m[1m[30ms[27m[1m[30m)[0m[39m[1B[27m[32mg[27m[32mi[27m[32mt[39m[27m [27mp[27mu[27ml[27ml[27m [27mu[27mp[27ms[27mt[27mr[27me[27ma[27mm[27m [27mm[27ma[27ms[27mt[27me[27mr[27m [27m-[27mX[27m [27mo[27mu[27mr[27ms[2B[27m[1m[30m#[27m[1m[30m [27m[1m[30mG[27m[1m[30mo[27m[1m[30m [27m[1m[30mt[27m[1m[30mo[27m[1m[30m [27m[1m[30mc[27m[1m[30mh[27m[1m[30ma[27m[1m[30ml[27m[1m[30ml[27m[1m[30me[27m[1m[30mn[27m[1m[30mg[27m[1m[30me[27m[1m[30m [27m[1m[30mf[27m[1m[30mo[27m[1m[30ml[27m[1m[30md[27m[1m[30me[27m[1m[30mr[0m[39m[1B[27m[32mc[27m[32md[39m[27m [27m0[27m7[27m-[27mD[27ma[27mt[27ma[27m-[27mE[27mn[27mg[27mi[27mn[27me[27me[27mr[27mi[27mn[27mg[27m/[27m0[27m1[27m-[27mC[27mo[27md[27me[27m-[27ma[27ms[27m-[27ma[27m-[27mP[27mr[27mo[27md[27mu[27mc[27mt[27m/[27m0[27m4[27m-[27mS[27mh[27ma[27mr[27me[27m-[27my[27mo[27mu[27mr[27m-[27mc[27mo[27md[27me[2B[27m[1m[30m#[27m[1m[30m [27m[1m[30mO[27m[1m[30mp[27m[1m[30me[27m[1m[30mn[27m[1m[30m [27m[1m[30mc[27m[1m[30mh[27m[1m[30ma[27m[1m[30ml[27m[1m[30ml[27m[1m[30me[27m[1m[30mn[27m[1m[30mg[27m[1m[30me[27m[1m[30m [27m[1m[30mf[27m[1m[30mo[27m[1m[30ml[27m[1m[30md[27m[1m[30me[27m[1m[30mr[27m[1m[30m [27m[1m[30mi[27m[1m[30mn[27m[1m[30m [27m[1m[30my[27m[1m[30mo[27m[1m[30mu[27m[1m[30mr[27m[1m[30m [27m[1m[30mt[27m[1m[30me[27m[1m[30mx[27m[1m[30mt[27m[1m[30m [27m[1m[30me[27m[1m[30md[27m[1m[30mi[27m[1m[30mt[27m[1m[30mo[27m[1m[30mr[0m[39m[1B[27m[32mc[27m[32mo[27m[32md[27m[32me[39m[27m [27m[4m.[24m[?1l>[?2004l
]2;cd ~/code/WafaBenzaoui/data-challenges/; git status; git pull upstream master]1;cdOn branch master
Your branch is up to date with 'origin/master'.

Changes not staged for commit:
  (use "git add <file>..." to update what will be committed)
  (use "git restore <file>..." to discard changes in working directory)
	[31mmodified:   03-Maths/01-Algebra-Calculus/01-real-estate-estimator/01-real_estate_estimator.ipynb[m
	[31mmodified:   03-Maths/02-Statistics-Probabilities/01-Law-of-Large-Numbers/law_of_large_numbers.ipynb[m
	[31mmodified:   03-Maths/02-Statistics-Probabilities/02-Random-Variables/random_variables.ipynb[m
	[31mmodified:   03-Maths/02-Statistics-Probabilities/03-Central-Limit-Theorem/central-limit-theorem.ipynb[m
	[31mmodified:   03-Maths/02-Statistics-Probabilities/Recap/Recap_Central_Limit_Theorem_revisited.ipynb[m
	[31mmodified:   04-Decision-Science/01-Project-Setup/02-Data-Preparation/data_preparation.ipynb[m
	[31mmodified:   04-Decision-Science/01-Project-Setup/03-Exploratory-Analysis/exploratory_analysis.ipynb[m
	[31mmodified:   04-Decision-Science/02-Statistical-Inference/01-Orders/orders.ipynb[m
	[31mmodified:   04-Decision-Science/02-Statistical-Inference/01-Orders/tests/test_wait_time.py[m
	[31mmodified:   04-Decision-Science/02-Statistical-Inference/Recap/nps_score.ipynb[m
	[31mmodified:   04-Decision-Science/03-Linear-Regression/02-Sellers/sellers.ipynb[m
	[31mmodified:   04-Decision-Science/03-Linear-Regression/Recap/delivery_time.ipynb[m
	[31mmodified:   04-Decision-Science/04-Logistic-Regression/01-Logit/logit.ipynb[m
	[31mmodified:   04-Decision-Science/04-Logistic-Regression/02-CEO-request/ceo_request.ipynb[m
	[31mmodified:   04-Decision-Science/olist/data.py[m
	[31mmodified:   04-Decision-Science/olist/order.py[m
	[31mmodified:   04-Decision-Science/olist/seller.py[m
	[31mmodified:   05-ML/01-Fundamentals-of-Machine-Learning/01-Linear-Regression/Linear_Regression.ipynb[m
	[31mmodified:   05-ML/01-Fundamentals-of-Machine-Learning/02-Learning-Curves/Learning_Curves.ipynb[m
	[31mmodified:   05-ML/01-Fundamentals-of-Machine-Learning/03-Problems/Problems.ipynb[m
	[31mmodified:   05-ML/01-Fundamentals-of-Machine-Learning/04-Logistic-Regression/Logistic_Regression.ipynb[m
	[31mmodified:   05-ML/01-Fundamentals-of-Machine-Learning/Recap/Recap.ipynb[m
	[31mmodified:   05-ML/02-Prepare-the-dataset/01-Preprocessing-Workflow/Preprocessing-Workflow.ipynb[m
	[31mmodified:   05-ML/02-Prepare-the-dataset/02-Feature-Selection/Feature-Selection.ipynb[m
	[31mmodified:   05-ML/02-Prepare-the-dataset/03-Car-Prices/Car-Prices.ipynb[m
	[31mmodified:   05-ML/02-Prepare-the-dataset/Recap/Recap.ipynb[m
	[31mmodified:   05-ML/03-Performance-metrics/01-KNN/KNN.ipynb[m
	[31mmodified:   05-ML/03-Performance-metrics/01-KNN/tests/optimal_k.pickle[m
	[31mmodified:   05-ML/03-Performance-metrics/02-Electrocardiograms/Electrocardiograms.ipynb[m
	[31mmodified:   05-ML/03-Performance-metrics/03-Threshold-Adjustments/Threshold-Adjustments.ipynb[m
	[31mmodified:   05-ML/03-Performance-metrics/Recap/Recap.ipynb[m
	[31mmodified:   05-ML/04-Under-the-hood/01-Loss-Functions/Loss-Functions.ipynb[m
	[31mmodified:   05-ML/04-Under-the-hood/02-Solvers/Solvers.ipynb[m
	[31mmodified:   05-ML/04-Under-the-hood/03-Batch-Gradient-Descent/Gradient-Descent.ipynb[m
	[31mmodified:   05-ML/04-Under-the-hood/Optional-Gradient-Descent-Advanced/gradient_descent_advanced.ipynb[m
	[31mmodified:   05-ML/05-Model-Tuning/01-Workflow/Workflow.ipynb[m
	[31mmodified:   05-ML/05-Model-Tuning/02-Regularization/Regularization.ipynb[m
	[31mmodified:   05-ML/05-Model-Tuning/03-SVM/SVM.ipynb[m
	[31mmodified:   05-ML/06-Unsupervised-Learning/01-Image-Compression/image_compression.ipynb[m
	[31mmodified:   05-ML/06-Unsupervised-Learning/01-Image-Compression/warmup_k_means.ipynb[m
	[31mmodified:   05-ML/06-Unsupervised-Learning/02-Face-Recognition/face_recognition.ipynb[m
	[31mmodified:   05-ML/07-Ensemble-Methods/01-Houses-Kaggle-Competition/houses_kaggle_competition.ipynb[m
	[31mmodified:   05-ML/08-Workflow/01-Preprocessor-Tuning/01-Preprocessor-Tuning.ipynb[m
	[31mmodified:   05-ML/08-Workflow/02-Custom-Transformer/02-Custom-Transformer.ipynb[m
	[31mmodified:   05-ML/08-Workflow/03-Tuning-Pipeline/03-Tuning-Pipeline.ipynb[m
	[31mmodified:   05-ML/08-Workflow/04-Pickle-Pipe/04-Pickle-Pipe.ipynb[m
	[31mmodified:   05-ML/08-Workflow/05-Hand-Made-Standardizer/05-Hand-Made-Standardizer.ipynb[m
	[31mmodified:   05-ML/09-Time-Series/03-SARIMA/sarima.ipynb[m
	[31mmodified:   05-ML/10-Natural-Language-Processing/03-Vectorizer-Tuning/03-Vectorizer-Tuning.ipynb[m
	[31mmodified:   05-ML/10-Natural-Language-Processing/04-LDA/03-LDA.ipynb[m
	[31mmodified:   05-ML/10-Natural-Language-Processing/05-Review-Investigation/Review-Investigation.ipynb[m
	[31mmodified:   05-ML/10-Natural-Language-Processing/06-Bonus/05-POS-Lemma.ipynb[m
	[31mmodified:   06-Deep-Learning/01-Fundamentals-of-Deep-Learning/01-Playground/playground.ipynb[m
	[31mmodified:   06-Deep-Learning/01-Fundamentals-of-Deep-Learning/02-Your-first-Neural-Network/tests/deeper_model.pickle[m
	[31mmodified:   06-Deep-Learning/01-Fundamentals-of-Deep-Learning/02-Your-first-Neural-Network/tests/first_model.pickle[m
	[31mmodified:   06-Deep-Learning/01-Fundamentals-of-Deep-Learning/02-Your-first-Neural-Network/your_first_neural_network.ipynb[m
	[31mmodified:   06-Deep-Learning/01-Fundamentals-of-Deep-Learning/03-Multiclass-classification/multiclass_classification.ipynb[m
	[31mmodified:   06-Deep-Learning/01-Fundamentals-of-Deep-Learning/04-Houses-Kaggle-Competition-Bis/houses_kaggle_competition_bis.ipynb[m
	[31mmodified:   06-Deep-Learning/02-Optimizer-loss-and-fitting/02-How-to-properly-prevent-overfitting/how_to_properly_prevent_overfitting.ipynb[m
	[31mmodified:   06-Deep-Learning/03-Convolutional-Neural-Networks/01-MNIST-Classification/mnist_classification.ipynb[m
	[31mmodified:   06-Deep-Learning/04-Recurrent-Neural-Networks/01-Your-first-RNN/your_first_rnn.ipynb[m
	[31mmodified:   06-Deep-Learning/04-Recurrent-Neural-Networks/02-Classify-Electrocardiograms/classify_electrocardiograms.ipynb[m
	[31mmodified:   06-Deep-Learning/04-Recurrent-Neural-Networks/03-Predict-air-pollution/predict_air_pollution.ipynb[m
	[31mmodified:   06-Deep-Learning/04-Recurrent-Neural-Networks/Recap/recap.ipynb[m
	[31mmodified:   06-Deep-Learning/05-Natural-Language-Processing/02-Embeddings-with-Word2vec/Understand-embeddings-with-word2vec.ipynb[m
	[31mmodified:   06-Deep-Learning/05-Natural-Language-Processing/03-Sentiment-analysis-with-word2vec/sentiment-analysis-with-word2vec.ipynb[m
	[31mmodified:   06-Deep-Learning/05-Natural-Language-Processing/Recap/recap.ipynb[m

Untracked files:
  (use "git add <file>..." to include in what will be committed)
	[31m"04-Decision-Science/01-Project-Setup/03-Exploratory-Analysis/..\\..\\data\reports\\ customers.html"[m
	[31m"04-Decision-Science/01-Project-Setup/03-Exploratory-Analysis/..\\..\\data\reports\\ order_items.html"[m
	[31m"04-Decision-Science/01-Project-Setup/03-Exploratory-Analysis/..\\..\\data\reports\\ order_payments.html"[m
	[31m"04-Decision-Science/01-Project-Setup/03-Exploratory-Analysis/..\\..\\data\reports\\ order_reviews.html"[m
	[31m"04-Decision-Science/01-Project-Setup/03-Exploratory-Analysis/..\\..\\data\reports\\ orders.html"[m
	[31m"04-Decision-Science/01-Project-Setup/03-Exploratory-Analysis/..\\..\\data\reports\\ product_category_name_translation.html"[m
	[31m"04-Decision-Science/01-Project-Setup/03-Exploratory-Analysis/..\\..\\data\reports\\ sellers.html"[m
	[31m"04-Decision-Science/01-Project-Setup/03-Exploratory-Analysis/..\\..\\data\reports\\data1.html"[m
	[31m04-Decision-Science/01-Project-Setup/03-Exploratory-Analysis/data1.html[m
	[31m04-Decision-Science/04-Logistic-Regression/02-CEO-request/Olist_profit.ipynb[m
	[31m04-Decision-Science/04-Logistic-Regression/02-CEO-request/Olist_profit.slides.html[m
	[31m04-Decision-Science/04-Logistic-Regression/02-CEO-request/Untitled.ipynb[m
	[31m04-Decision-Science/04-Logistic-Regression/02-CEO-request/Untitled1.ipynb[m
	[31m04-Decision-Science/04-Logistic-Regression/02-CEO-request/Untitled2.ipynb[m
	[31m04-Decision-Science/04-Logistic-Regression/02-CEO-request/Untitled3.ipynb[m
	[31m04-Decision-Science/Or.py[m
	[31m04-Decision-Science/olist/import os.py[m
	[31m04-Decision-Science/olist/product_updated_solution.py[m
	[31m04-Decision-Science/olist/product_updated_solution.py:Zone.Identifier[m
	[31m04-Decision-Science/olist/seller_updated_solution.py[m
	[31m04-Decision-Science/olist/seller_updated_solution.py:Zone.Identifier[m
	[31m04-Decision-Science/order.py[m
	[31m05-ML/02-Prepare-the-dataset/03-Car-Prices/tests/base_model.pickle[m
	[31m05-ML/03-Performance-metrics/02-Electrocardiograms/data/ML_Electrocardiograms_new_patient.csv:Zone.Identifier[m
	[31m05-ML/03-Performance-metrics/Recap/data/ML_spotify_data.csv:Zone.Identifier[m
	[31m05-ML/03-Performance-metrics/Recap/perf_metrics_recap.ipynb[m
	[31m05-ML/03-Performance-metrics/Recap/perf_metrics_recap.ipynb:Zone.Identifier[m
	[31m05-ML/03-Performance-metrics/Recap/wafa.ipynb[m
	[31m05-ML/06-Unsupervised-Learning/01-Image-Compression/Untitled.ipynb[m
	[31m05-ML/07-Ensemble-Methods/01-Houses-Kaggle-Competition/data/data_description.txt:Zone.Identifier[m
	[31m05-ML/07-Ensemble-Methods/01-Houses-Kaggle-Competition/data/sample_submission.csv:Zone.Identifier[m
	[31m05-ML/07-Ensemble-Methods/01-Houses-Kaggle-Competition/data/test.csv:Zone.Identifier[m
	[31m05-ML/07-Ensemble-Methods/01-Houses-Kaggle-Competition/data/train.csv:Zone.Identifier[m
	[31m05-ML/08-Workflow/02-Custom-Transformer/01-Preprocessor-Tuning.ipynb[m
	[31m05-ML/08-Workflow/03-Tuning-Pipeline/pipeline.pkl[m
	[31m05-ML/08-Workflow/04-Pickle-Pipe/pipeline.pkl[m
	[31m05-ML/08-Workflow/05-Hand-Made-Standardizer/Untitled.ipynb[m
	[31m06-Deep-Learning/02-Optimizer-loss-and-fitting/02-How-to-properly-prevent-overfitting/my_model/[m
	[31m06-Deep-Learning/03-Convolutional-Neural-Networks/01-MNIST-Classification/my_model_ch1_1/[m
	[31m06-Deep-Learning/03-Convolutional-Neural-Networks/03-Cifar-Classification/cifar_classification.ipynb:Zone.Identifier[m
	[31m06-Deep-Learning/03-Convolutional-Neural-Networks/03-Cifar-Classification/cifar_classification_.ipynb[m
	[31m06-Deep-Learning/03-Convolutional-Neural-Networks/03-Cifar-Classification/cifar_classification_.ipynb:Zone.Identifier[m
	[31m06-Deep-Learning/04-Recurrent-Neural-Networks/02-Classify-Electrocardiograms/ECG_data/[m
	[31m06-Deep-Learning/04-Recurrent-Neural-Networks/02-Classify-Electrocardiograms/classify_electrocardiograms.ipynb:Zone.Identifier[m
	[31m06-Deep-Learning/05-Natural-Language-Processing/01-Your-First-Embedding/Your-first-embedding.ipynb:Zone.Identifier[m
	[31m06-Deep-Learning/05-Natural-Language-Processing/01-Your-First-Embedding/Your_first_embedding.ipynb[m
	[31m06-Deep-Learning/05-Natural-Language-Processing/01-Your-First-Embedding/Your_first_embedding.ipynb:Zone.Identifier[m
	[31m06-Deep-Learning/05-Natural-Language-Processing/02-Embeddings-with-Word2vec/Understand_embeddings_with_word2vec.ipynb:Zone.Identifier[m

no changes added to commit (use "git add" and/or "git commit -a")
From github.com:lewagon/data-challenges
 * branch              master     -> FETCH_HEAD
error: Your local changes to the following files would be overwritten by merge:
	03-Maths/01-Algebra-Calculus/01-real-estate-estimator/01-real_estate_estimator.ipynb
	03-Maths/02-Statistics-Probabilities/Recap/Recap_Central_Limit_Theorem_revisited.ipynb
	04-Decision-Science/02-Statistical-Inference/01-Orders/orders.ipynb
	04-Decision-Science/03-Linear-Regression/02-Sellers/sellers.ipynb
	04-Decision-Science/04-Logistic-Regression/01-Logit/logit.ipynb
	04-Decision-Science/04-Logistic-Regression/02-CEO-request/ceo_request.ipynb
	05-ML/01-Fundamentals-of-Machine-Learning/03-Problems/Problems.ipynb
	05-ML/01-Fundamentals-of-Machine-Learning/04-Logistic-Regression/Logistic_Regression.ipynb
	05-ML/02-Prepare-the-dataset/01-Preprocessing-Workflow/Preprocessing-Workflow.ipynb
	05-ML/02-Prepare-the-dataset/02-Feature-Selection/Feature-Selection.ipynb
	05-ML/02-Prepare-the-dataset/03-Car-Prices/Car-Prices.ipynb
	05-ML/02-Prepare-the-dataset/Recap/Recap.ipynb
	05-ML/03-Performance-metrics/Recap/Recap.ipynb
	05-ML/05-Model-Tuning/01-Workflow/Workflow.ipynb
	05-ML/05-Model-Tuning/02-Regularization/Regularization.ipynb
	05-ML/06-Unsupervised-Learning/01-Image-Compression/image_compression.ipynb
	05-ML/07-Ensemble-Methods/01-Houses-Kaggle-Competition/houses_kaggle_competition.ipynb
	05-ML/08-Workflow/05-Hand-Made-Standardizer/05-Hand-Made-Standardizer.ipynb
	06-Deep-Learning/01-Fundamentals-of-Deep-Learning/01-Playground/playground.ipynb
	06-Deep-Learning/01-Fundamentals-of-Deep-Learning/02-Your-first-Neural-Network/your_first_neural_network.ipynb
	06-Deep-Learning/01-Fundamentals-of-Deep-Learning/03-Multiclass-classification/multiclass_classification.ipynb
	06-Deep-Learning/01-Fundamentals-of-Deep-Learning/04-Houses-Kaggle-Competition-Bis/houses_kaggle_competition_bis.ipynb
	06-Deep-Learning/02-Optimizer-loss-and-fitting/02-How-to-properly-prevent-overfitting/how_to_properly_prevent_overfitting.ipynb
Please commit your changes or stash them before you merge.
Aborting
[1m[7m%[27m[1m[0m                                                                                      ]2;wafa@LAPTOP-7ND9J345:~/code/WafaBenzaoui/data-challenges/07-Data-Engineering/01-Code-as-a-Product/04-Share-your-code]1;..are-your-code[0m[27m[24m[J[01;32mâžœ  [36m04-Share-your-code[00m [01;34mgit:([31mmaster[34m) [33mâœ—[00m [K[36C[ðŸ lewagon][48D[?1h=[?2004h[7mpip install git+ssh://git@github.com/krokrob/pack[7mg[7menlite[27m[K
[K[A[A[37C[27m[32mp[27m[32mi[27m[32mp[39m[27m [27mi[27mn[27ms[27mt[27ma[27ml[27ml[27m [27mg[27mi[27mt[27m+[27ms[27ms[27mh[27m:[27m/[27m/[27mg[27mi[27mt[27m@[27mg[27mi[27mt[27mh[27mu[27mb[27m.[27mc[27mo[27mm[27m/[27mk[27mr[27mo[27mk[27mr[27mo[27mb[27m/[27mp[27ma[27mc[27mkg[27me[27mn[27ml[27mi[27mt[27me[1B[K[?1l>[?2004l
]2;pip install git+ssh://git@github.com/krokrob/packgenlite]1;pip[33mWARNING: Ignoring invalid distribution -lotly (/home/wafa/.pyenv/versions/3.8.12/envs/lewagon/lib/python3.8/site-packages)[0m[33m
[0m[33mWARNING: Ignoring invalid distribution -lotly (/home/wafa/.pyenv/versions/3.8.12/envs/lewagon/lib/python3.8/site-packages)[0m[33m
[0mCollecting git+ssh://****@github.com/krokrob/packgenlite
  Cloning ssh://****@github.com/krokrob/packgenlite to /tmp/pip-req-build-vy5lqmxr
  Running command git clone --filter=blob:none --quiet 'ssh://****@github.com/krokrob/packgenlite' /tmp/pip-req-build-vy5lqmxr
  Resolved ssh://****@github.com/krokrob/packgenlite to commit fd55403cad61f87d8272988d011167918f261453
  Preparing metadata (setup.py) ... [?25l- \ | / done
[?25hRequirement already satisfied: pip>=9 in /home/wafa/.pyenv/versions/3.8.12/envs/lewagon/lib/python3.8/site-packages (from packgenlite==1.1.3) (22.0.4)
Requirement already satisfied: setuptools>=26 in /home/wafa/.pyenv/versions/3.8.12/envs/lewagon/lib/python3.8/site-packages (from packgenlite==1.1.3) (62.0.0)
Requirement already satisfied: wheel>=0.29 in /home/wafa/.pyenv/versions/3.8.12/envs/lewagon/lib/python3.8/site-packages (from packgenlite==1.1.3) (0.37.1)
Requirement already satisfied: setuptools_scm in /home/wafa/.pyenv/versions/3.8.12/envs/lewagon/lib/python3.8/site-packages (from packgenlite==1.1.3) (6.3.2)
Requirement already satisfied: future in /home/wafa/.pyenv/versions/3.8.12/envs/lewagon/lib/python3.8/site-packages (from packgenlite==1.1.3) (0.18.2)
Requirement already satisfied: pandas in /home/wafa/.pyenv/versions/3.8.12/envs/lewagon/lib/python3.8/site-packages (from packgenlite==1.1.3) (1.1.3)
Requirement already satisfied: python-gitlab in /home/wafa/.pyenv/versions/3.8.12/envs/lewagon/lib/python3.8/site-packages (from packgenlite==1.1.3) (3.0.0)
Requirement already satisfied: python-dateutil>=2.7.3 in /home/wafa/.pyenv/versions/3.8.12/envs/lewagon/lib/python3.8/site-packages (from pandas->packgenlite==1.1.3) (2.8.2)
Requirement already satisfied: pytz>=2017.2 in /home/wafa/.pyenv/versions/3.8.12/envs/lewagon/lib/python3.8/site-packages (from pandas->packgenlite==1.1.3) (2021.3)
Requirement already satisfied: numpy>=1.15.4 in /home/wafa/.pyenv/versions/3.8.12/envs/lewagon/lib/python3.8/site-packages (from pandas->packgenlite==1.1.3) (1.19.5)
Requirement already satisfied: requests>=2.25.0 in /home/wafa/.pyenv/versions/3.8.12/envs/lewagon/lib/python3.8/site-packages (from python-gitlab->packgenlite==1.1.3) (2.27.1)
Requirement already satisfied: requests-toolbelt>=0.9.1 in /home/wafa/.pyenv/versions/3.8.12/envs/lewagon/lib/python3.8/site-packages (from python-gitlab->packgenlite==1.1.3) (0.9.1)
Requirement already satisfied: tomli>=1.0.0 in /home/wafa/.pyenv/versions/3.8.12/envs/lewagon/lib/python3.8/site-packages (from setuptools_scm->packgenlite==1.1.3) (1.2.3)
Requirement already satisfied: packaging>=20.0 in /home/wafa/.pyenv/versions/3.8.12/envs/lewagon/lib/python3.8/site-packages (from setuptools_scm->packgenlite==1.1.3) (21.3)
Requirement already satisfied: pyparsing!=3.0.5,>=2.0.2 in /home/wafa/.pyenv/versions/3.8.12/envs/lewagon/lib/python3.8/site-packages (from packaging>=20.0->setuptools_scm->packgenlite==1.1.3) (3.0.6)
Requirement already satisfied: six>=1.5 in /home/wafa/.pyenv/versions/3.8.12/envs/lewagon/lib/python3.8/site-packages (from python-dateutil>=2.7.3->pandas->packgenlite==1.1.3) (1.16.0)
Requirement already satisfied: charset-nor